[2016-02-28 00:08:41] production.ERROR: exception 'ErrorException' with message 'file_put_contents(C:\xampp\htdocs\LiveInLife/bootstrap/cache/services.php): failed to open stream: No such file or directory' in C:\xampp\htdocs\LiveInLife\vendor\laravel\framework\src\Illuminate\Filesystem\Filesystem.php:81
Stack trace:
#0 [internal function]: Illuminate\Foundation\Bootstrap\HandleExceptions->handleError(2, 'file_put_conten...', 'C:\\xampp\\htdocs...', 81, Array)
#1 C:\xampp\htdocs\LiveInLife\vendor\laravel\framework\src\Illuminate\Filesystem\Filesystem.php(81): file_put_contents('C:\\xampp\\htdocs...', '<?php return ar...', 0)
#2 C:\xampp\htdocs\LiveInLife\vendor\laravel\framework\src\Illuminate\Foundation\ProviderRepository.php(188): Illuminate\Filesystem\Filesystem->put('C:\\xampp\\htdocs...', '<?php return ar...')
#3 C:\xampp\htdocs\LiveInLife\vendor\laravel\framework\src\Illuminate\Foundation\ProviderRepository.php(135): Illuminate\Foundation\ProviderRepository->writeManifest(Array)
#4 C:\xampp\htdocs\LiveInLife\vendor\laravel\framework\src\Illuminate\Foundation\ProviderRepository.php(60): Illuminate\Foundation\ProviderRepository->compileManifest(Array)
#5 C:\xampp\htdocs\LiveInLife\vendor\laravel\framework\src\Illuminate\Foundation\Application.php(507): Illuminate\Foundation\ProviderRepository->load(Array)
#6 C:\xampp\htdocs\LiveInLife\vendor\laravel\framework\src\Illuminate\Foundation\Bootstrap\RegisterProviders.php(17): Illuminate\Foundation\Application->registerConfiguredProviders()
#7 C:\xampp\htdocs\LiveInLife\vendor\laravel\framework\src\Illuminate\Foundation\Application.php(203): Illuminate\Foundation\Bootstrap\RegisterProviders->bootstrap(Object(Illuminate\Foundation\Application))
#8 C:\xampp\htdocs\LiveInLife\vendor\laravel\framework\src\Illuminate\Foundation\Console\Kernel.php(208): Illuminate\Foundation\Application->bootstrapWith(Array)
#9 C:\xampp\htdocs\LiveInLife\vendor\laravel\framework\src\Illuminate\Foundation\Console\Kernel.php(105): Illuminate\Foundation\Console\Kernel->bootstrap()
#10 C:\xampp\htdocs\LiveInLife\artisan(36): Illuminate\Foundation\Console\Kernel->handle(Object(Symfony\Component\Console\Input\ArgvInput), Object(Symfony\Component\Console\Output\ConsoleOutput))
#11 {main}  
[2016-02-28 00:09:34] production.ERROR: exception 'ErrorException' with message 'file_put_contents(C:\xampp\htdocs\LiveInLife/bootstrap/cache/services.php): failed to open stream: No such file or directory' in C:\xampp\htdocs\LiveInLife\vendor\laravel\framework\src\Illuminate\Filesystem\Filesystem.php:81
Stack trace:
#0 [internal function]: Illuminate\Foundation\Bootstrap\HandleExceptions->handleError(2, 'file_put_conten...', 'C:\\xampp\\htdocs...', 81, Array)
#1 C:\xampp\htdocs\LiveInLife\vendor\laravel\framework\src\Illuminate\Filesystem\Filesystem.php(81): file_put_contents('C:\\xampp\\htdocs...', '<?php return ar...', 0)
#2 C:\xampp\htdocs\LiveInLife\vendor\laravel\framework\src\Illuminate\Foundation\ProviderRepository.php(188): Illuminate\Filesystem\Filesystem->put('C:\\xampp\\htdocs...', '<?php return ar...')
#3 C:\xampp\htdocs\LiveInLife\vendor\laravel\framework\src\Illuminate\Foundation\ProviderRepository.php(135): Illuminate\Foundation\ProviderRepository->writeManifest(Array)
#4 C:\xampp\htdocs\LiveInLife\vendor\laravel\framework\src\Illuminate\Foundation\ProviderRepository.php(60): Illuminate\Foundation\ProviderRepository->compileManifest(Array)
#5 C:\xampp\htdocs\LiveInLife\vendor\laravel\framework\src\Illuminate\Foundation\Application.php(507): Illuminate\Foundation\ProviderRepository->load(Array)
#6 C:\xampp\htdocs\LiveInLife\vendor\laravel\framework\src\Illuminate\Foundation\Bootstrap\RegisterProviders.php(17): Illuminate\Foundation\Application->registerConfiguredProviders()
#7 C:\xampp\htdocs\LiveInLife\vendor\laravel\framework\src\Illuminate\Foundation\Application.php(203): Illuminate\Foundation\Bootstrap\RegisterProviders->bootstrap(Object(Illuminate\Foundation\Application))
#8 C:\xampp\htdocs\LiveInLife\vendor\laravel\framework\src\Illuminate\Foundation\Http\Kernel.php(232): Illuminate\Foundation\Application->bootstrapWith(Array)
#9 C:\xampp\htdocs\LiveInLife\vendor\laravel\framework\src\Illuminate\Foundation\Http\Kernel.php(127): Illuminate\Foundation\Http\Kernel->bootstrap()
#10 C:\xampp\htdocs\LiveInLife\vendor\laravel\framework\src\Illuminate\Foundation\Http\Kernel.php(99): Illuminate\Foundation\Http\Kernel->sendRequestThroughRouter(Object(Illuminate\Http\Request))
#11 C:\xampp\htdocs\LiveInLife\public\index.php(54): Illuminate\Foundation\Http\Kernel->handle(Object(Illuminate\Http\Request))
#12 {main}  
[2016-02-28 00:10:07] production.ERROR: exception 'ErrorException' with message 'file_put_contents(/eab05d3c09e489a814a56b7848a0666c101e0649.php): failed to open stream: Permission denied' in C:\xampp\htdocs\LiveInLife\vendor\laravel\framework\src\Illuminate\Filesystem\Filesystem.php:81
Stack trace:
#0 [internal function]: Illuminate\Foundation\Bootstrap\HandleExceptions->handleError(2, 'file_put_conten...', 'C:\\xampp\\htdocs...', 81, Array)
#1 C:\xampp\htdocs\LiveInLife\vendor\laravel\framework\src\Illuminate\Filesystem\Filesystem.php(81): file_put_contents('/eab05d3c09e489...', '<!DOCTYPE html>...', 0)
#2 C:\xampp\htdocs\LiveInLife\vendor\laravel\framework\src\Illuminate\View\Compilers\BladeCompiler.php(102): Illuminate\Filesystem\Filesystem->put('/eab05d3c09e489...', '<!DOCTYPE html>...')
#3 C:\xampp\htdocs\LiveInLife\vendor\laravel\framework\src\Illuminate\View\Engines\CompilerEngine.php(51): Illuminate\View\Compilers\BladeCompiler->compile('C:\\xampp\\htdocs...')
#4 C:\xampp\htdocs\LiveInLife\vendor\laravel\framework\src\Illuminate\View\View.php(147): Illuminate\View\Engines\CompilerEngine->get('C:\\xampp\\htdocs...', Array)
#5 C:\xampp\htdocs\LiveInLife\vendor\laravel\framework\src\Illuminate\View\View.php(118): Illuminate\View\View->getContents()
#6 C:\xampp\htdocs\LiveInLife\vendor\laravel\framework\src\Illuminate\View\View.php(83): Illuminate\View\View->renderContents()
#7 C:\xampp\htdocs\LiveInLife\vendor\laravel\framework\src\Illuminate\Http\Response.php(53): Illuminate\View\View->render()
#8 C:\xampp\htdocs\LiveInLife\vendor\symfony\http-foundation\Response.php(199): Illuminate\Http\Response->setContent(Object(Illuminate\View\View))
#9 C:\xampp\htdocs\LiveInLife\vendor\laravel\framework\src\Illuminate\Routing\Router.php(1087): Symfony\Component\HttpFoundation\Response->__construct(Object(Illuminate\View\View))
#10 C:\xampp\htdocs\LiveInLife\vendor\laravel\framework\src\Illuminate\Routing\Router.php(725): Illuminate\Routing\Router->prepareResponse(Object(Illuminate\Http\Request), Object(Illuminate\View\View))
#11 [internal function]: Illuminate\Routing\Router->Illuminate\Routing\{closure}(Object(Illuminate\Http\Request))
#12 C:\xampp\htdocs\LiveInLife\vendor\laravel\framework\src\Illuminate\Routing\Pipeline.php(52): call_user_func(Object(Closure), Object(Illuminate\Http\Request))
#13 [internal function]: Illuminate\Routing\Pipeline->Illuminate\Routing\{closure}(Object(Illuminate\Http\Request))
#14 C:\xampp\htdocs\LiveInLife\vendor\laravel\framework\src\Illuminate\Pipeline\Pipeline.php(103): call_user_func(Object(Closure), Object(Illuminate\Http\Request))
#15 C:\xampp\htdocs\LiveInLife\vendor\laravel\framework\src\Illuminate\Routing\Router.php(726): Illuminate\Pipeline\Pipeline->then(Object(Closure))
#16 C:\xampp\htdocs\LiveInLife\vendor\laravel\framework\src\Illuminate\Routing\Router.php(699): Illuminate\Routing\Router->runRouteWithinStack(Object(Illuminate\Routing\Route), Object(Illuminate\Http\Request))
#17 C:\xampp\htdocs\LiveInLife\vendor\laravel\framework\src\Illuminate\Routing\Router.php(675): Illuminate\Routing\Router->dispatchToRoute(Object(Illuminate\Http\Request))
#18 C:\xampp\htdocs\LiveInLife\vendor\laravel\framework\src\Illuminate\Foundation\Http\Kernel.php(246): Illuminate\Routing\Router->dispatch(Object(Illuminate\Http\Request))
#19 [internal function]: Illuminate\Foundation\Http\Kernel->Illuminate\Foundation\Http\{closure}(Object(Illuminate\Http\Request))
#20 C:\xampp\htdocs\LiveInLife\vendor\laravel\framework\src\Illuminate\Routing\Pipeline.php(52): call_user_func(Object(Closure), Object(Illuminate\Http\Request))
#21 C:\xampp\htdocs\LiveInLife\vendor\laravel\framework\src\Illuminate\Foundation\Http\Middleware\CheckForMaintenanceMode.php(44): Illuminate\Routing\Pipeline->Illuminate\Routing\{closure}(Object(Illuminate\Http\Request))
#22 [internal function]: Illuminate\Foundation\Http\Middleware\CheckForMaintenanceMode->handle(Object(Illuminate\Http\Request), Object(Closure))
#23 C:\xampp\htdocs\LiveInLife\vendor\laravel\framework\src\Illuminate\Pipeline\Pipeline.php(124): call_user_func_array(Array, Array)
#24 [internal function]: Illuminate\Pipeline\Pipeline->Illuminate\Pipeline\{closure}(Object(Illuminate\Http\Request))
#25 C:\xampp\htdocs\LiveInLife\vendor\laravel\framework\src\Illuminate\Routing\Pipeline.php(32): call_user_func(Object(Closure), Object(Illuminate\Http\Request))
#26 [internal function]: Illuminate\Routing\Pipeline->Illuminate\Routing\{closure}(Object(Illuminate\Http\Request))
#27 C:\xampp\htdocs\LiveInLife\vendor\laravel\framework\src\Illuminate\Pipeline\Pipeline.php(103): call_user_func(Object(Closure), Object(Illuminate\Http\Request))
#28 C:\xampp\htdocs\LiveInLife\vendor\laravel\framework\src\Illuminate\Foundation\Http\Kernel.php(132): Illuminate\Pipeline\Pipeline->then(Object(Closure))
#29 C:\xampp\htdocs\LiveInLife\vendor\laravel\framework\src\Illuminate\Foundation\Http\Kernel.php(99): Illuminate\Foundation\Http\Kernel->sendRequestThroughRouter(Object(Illuminate\Http\Request))
#30 C:\xampp\htdocs\LiveInLife\public\index.php(54): Illuminate\Foundation\Http\Kernel->handle(Object(Illuminate\Http\Request))
#31 {main}  
[2016-02-28 00:10:09] production.ERROR: exception 'ErrorException' with message 'file_put_contents(/eab05d3c09e489a814a56b7848a0666c101e0649.php): failed to open stream: Permission denied' in C:\xampp\htdocs\LiveInLife\vendor\laravel\framework\src\Illuminate\Filesystem\Filesystem.php:81
Stack trace:
#0 [internal function]: Illuminate\Foundation\Bootstrap\HandleExceptions->handleError(2, 'file_put_conten...', 'C:\\xampp\\htdocs...', 81, Array)
#1 C:\xampp\htdocs\LiveInLife\vendor\laravel\framework\src\Illuminate\Filesystem\Filesystem.php(81): file_put_contents('/eab05d3c09e489...', '<!DOCTYPE html>...', 0)
#2 C:\xampp\htdocs\LiveInLife\vendor\laravel\framework\src\Illuminate\View\Compilers\BladeCompiler.php(102): Illuminate\Filesystem\Filesystem->put('/eab05d3c09e489...', '<!DOCTYPE html>...')
#3 C:\xampp\htdocs\LiveInLife\vendor\laravel\framework\src\Illuminate\View\Engines\CompilerEngine.php(51): Illuminate\View\Compilers\BladeCompiler->compile('C:\\xampp\\htdocs...')
#4 C:\xampp\htdocs\LiveInLife\vendor\laravel\framework\src\Illuminate\View\View.php(147): Illuminate\View\Engines\CompilerEngine->get('C:\\xampp\\htdocs...', Array)
#5 C:\xampp\htdocs\LiveInLife\vendor\laravel\framework\src\Illuminate\View\View.php(118): Illuminate\View\View->getContents()
#6 C:\xampp\htdocs\LiveInLife\vendor\laravel\framework\src\Illuminate\View\View.php(83): Illuminate\View\View->renderContents()
#7 C:\xampp\htdocs\LiveInLife\vendor\laravel\framework\src\Illuminate\Http\Response.php(53): Illuminate\View\View->render()
#8 C:\xampp\htdocs\LiveInLife\vendor\symfony\http-foundation\Response.php(199): Illuminate\Http\Response->setContent(Object(Illuminate\View\View))
#9 C:\xampp\htdocs\LiveInLife\vendor\laravel\framework\src\Illuminate\Routing\Router.php(1087): Symfony\Component\HttpFoundation\Response->__construct(Object(Illuminate\View\View))
#10 C:\xampp\htdocs\LiveInLife\vendor\laravel\framework\src\Illuminate\Routing\Router.php(725): Illuminate\Routing\Router->prepareResponse(Object(Illuminate\Http\Request), Object(Illuminate\View\View))
#11 [internal function]: Illuminate\Routing\Router->Illuminate\Routing\{closure}(Object(Illuminate\Http\Request))
#12 C:\xampp\htdocs\LiveInLife\vendor\laravel\framework\src\Illuminate\Routing\Pipeline.php(52): call_user_func(Object(Closure), Object(Illuminate\Http\Request))
#13 [internal function]: Illuminate\Routing\Pipeline->Illuminate\Routing\{closure}(Object(Illuminate\Http\Request))
#14 C:\xampp\htdocs\LiveInLife\vendor\laravel\framework\src\Illuminate\Pipeline\Pipeline.php(103): call_user_func(Object(Closure), Object(Illuminate\Http\Request))
#15 C:\xampp\htdocs\LiveInLife\vendor\laravel\framework\src\Illuminate\Routing\Router.php(726): Illuminate\Pipeline\Pipeline->then(Object(Closure))
#16 C:\xampp\htdocs\LiveInLife\vendor\laravel\framework\src\Illuminate\Routing\Router.php(699): Illuminate\Routing\Router->runRouteWithinStack(Object(Illuminate\Routing\Route), Object(Illuminate\Http\Request))
#17 C:\xampp\htdocs\LiveInLife\vendor\laravel\framework\src\Illuminate\Routing\Router.php(675): Illuminate\Routing\Router->dispatchToRoute(Object(Illuminate\Http\Request))
#18 C:\xampp\htdocs\LiveInLife\vendor\laravel\framework\src\Illuminate\Foundation\Http\Kernel.php(246): Illuminate\Routing\Router->dispatch(Object(Illuminate\Http\Request))
#19 [internal function]: Illuminate\Foundation\Http\Kernel->Illuminate\Foundation\Http\{closure}(Object(Illuminate\Http\Request))
#20 C:\xampp\htdocs\LiveInLife\vendor\laravel\framework\src\Illuminate\Routing\Pipeline.php(52): call_user_func(Object(Closure), Object(Illuminate\Http\Request))
#21 C:\xampp\htdocs\LiveInLife\vendor\laravel\framework\src\Illuminate\Foundation\Http\Middleware\CheckForMaintenanceMode.php(44): Illuminate\Routing\Pipeline->Illuminate\Routing\{closure}(Object(Illuminate\Http\Request))
#22 [internal function]: Illuminate\Foundation\Http\Middleware\CheckForMaintenanceMode->handle(Object(Illuminate\Http\Request), Object(Closure))
#23 C:\xampp\htdocs\LiveInLife\vendor\laravel\framework\src\Illuminate\Pipeline\Pipeline.php(124): call_user_func_array(Array, Array)
#24 [internal function]: Illuminate\Pipeline\Pipeline->Illuminate\Pipeline\{closure}(Object(Illuminate\Http\Request))
#25 C:\xampp\htdocs\LiveInLife\vendor\laravel\framework\src\Illuminate\Routing\Pipeline.php(32): call_user_func(Object(Closure), Object(Illuminate\Http\Request))
#26 [internal function]: Illuminate\Routing\Pipeline->Illuminate\Routing\{closure}(Object(Illuminate\Http\Request))
#27 C:\xampp\htdocs\LiveInLife\vendor\laravel\framework\src\Illuminate\Pipeline\Pipeline.php(103): call_user_func(Object(Closure), Object(Illuminate\Http\Request))
#28 C:\xampp\htdocs\LiveInLife\vendor\laravel\framework\src\Illuminate\Foundation\Http\Kernel.php(132): Illuminate\Pipeline\Pipeline->then(Object(Closure))
#29 C:\xampp\htdocs\LiveInLife\vendor\laravel\framework\src\Illuminate\Foundation\Http\Kernel.php(99): Illuminate\Foundation\Http\Kernel->sendRequestThroughRouter(Object(Illuminate\Http\Request))
#30 C:\xampp\htdocs\LiveInLife\public\index.php(54): Illuminate\Foundation\Http\Kernel->handle(Object(Illuminate\Http\Request))
#31 {main}  
